Using pre-set license
Built from '2020.2/release' branch; Version is '2020.2.2f1 (068178b99f32) revision 426360'; Using compiler version '192528614'; Build Type 'Release'
OS: 'Windows 10 Home Single Language; OS build 18363.1316; Version 1909; 64bit' Language: 'ru' Physical Memory: 5995 MB
BatchMode: 1, IsHumanControllingUs: 0, StartBugReporterOnCrash: 0, Is64bit: 1, IsPro: 0

 COMMAND LINE ARGUMENTS:
D:\UNity\2020.2.2f1\Editor\Unity.exe
-adb2
-batchMode
-noUpm
-name
AssetImportWorker1
-projectPath
D:/UNity/Puzzle
-logFile
Logs/AssetImportWorker1.log
-srvPort
55446
Successfully changed project path to: D:/UNity/Puzzle
D:/UNity/Puzzle
Using Asset Import Pipeline V2.
Refreshing native plugins compatible for Editor in 49.50 ms, found 0 plugins.
Preloading 0 native plugins for Editor in 0.00 ms.
Initialize engine version: 2020.2.2f1 (068178b99f32)
[Subsystems] Discovering subsystems at path D:/UNity/2020.2.2f1/Editor/Data/Resources/UnitySubsystems
[Subsystems] Discovering subsystems at path D:/UNity/Puzzle/Assets
GfxDevice: creating device client; threaded=0
Direct3D:
    Version:  Direct3D 11.0 [level 11.1]
    Renderer: NVIDIA GeForce MX250 (ID=0x1d13)
    Vendor:   
    VRAM:     1983 MB
    Driver:   26.21.14.4294
Initialize mono
Mono path[0] = 'D:/UNity/2020.2.2f1/Editor/Data/Managed'
Mono path[1] = 'D:/UNity/2020.2.2f1/Editor/Data/MonoBleedingEdge/lib/mono/unityjit'
Mono config path = 'D:/UNity/2020.2.2f1/Editor/Data/MonoBleedingEdge/etc'
Using monoOptions --debugger-agent=transport=dt_socket,embedding=1,server=y,suspend=n,address=127.0.0.1:56372
Begin MonoManager ReloadAssembly
Registering precompiled unity dll's ...
Register platform support module: D:/UNity/2020.2.2f1/Editor/Data/PlaybackEngines/WindowsStandaloneSupport/UnityEditor.WindowsStandalone.Extensions.dll
Registered in 0.010094 seconds.
Native extension for WindowsStandalone target not found
Refreshing native plugins compatible for Editor in 148.06 ms, found 0 plugins.
Preloading 0 native plugins for Editor in 0.00 ms.
Invoked RoslynAnalysisRunner static constructor.
RoslynAnalysisRunner will not be running.
RoslynAnalysisRunner has terminated.
Mono: successfully reloaded assembly
- Completed reload, in  9.693 seconds
Platform modules already initialized, skipping
Registering precompiled user dll's ...
Registered in 0.001403 seconds.
Begin MonoManager ReloadAssembly
Native extension for WindowsStandalone target not found
Refreshing native plugins compatible for Editor in 156.64 ms, found 0 plugins.
Preloading 0 native plugins for Editor in 0.00 ms.
Invoked RoslynAnalysisRunner static constructor.
RoslynAnalysisRunner will not be running.
RoslynAnalysisRunner has terminated.
Mono: successfully reloaded assembly
- Completed reload, in  1.085 seconds
Platform modules already initialized, skipping
========================================================================
Worker process is ready to serve import requests
Shader 'Universal Render Pipeline/Particles/Lit': fallback shader 'Universal Render Pipeline/Particles/SimpleLit' not found
Shader 'Universal Render Pipeline/Particles/Lit': fallback shader 'Universal Render Pipeline/Particles/SimpleLit' not found
Launched and connected shader compiler UnityShaderCompiler.exe after 0.39 seconds
Refreshing native plugins compatible for Editor in 1.11 ms, found 0 plugins.
Preloading 0 native plugins for Editor in 0.00 ms.
Unloading 2447 Unused Serialized files (Serialized files now loaded: 0)
System memory in use before: 114.6 MB.
System memory in use after: 112.5 MB.

Unloading 45 unused Assets to reduce memory usage. Loaded Objects now: 2855.
Total: 5.119200 ms (FindLiveObjects: 0.338800 ms CreateObjectMapping: 0.173100 ms MarkObjects: 2.898200 ms  DeleteObjects: 1.706600 ms)

========================================================================
Received Prepare
Shader 'Universal Render Pipeline/Particles/Lit': fallback shader 'Universal Render Pipeline/Particles/SimpleLit' not found
Shader 'Universal Render Pipeline/Particles/Lit': fallback shader 'Universal Render Pipeline/Particles/SimpleLit' not found
Refreshing native plugins compatible for Editor in 44.29 ms, found 0 plugins.
Preloading 0 native plugins for Editor in 0.00 ms.
Unloading 38 Unused Serialized files (Serialized files now loaded: 0)
System memory in use before: 64.5 MB.
System memory in use after: 62.5 MB.

Unloading 38 unused Assets to reduce memory usage. Loaded Objects now: 2855.
Total: 4.143500 ms (FindLiveObjects: 0.305700 ms CreateObjectMapping: 0.169200 ms MarkObjects: 2.122700 ms  DeleteObjects: 1.543900 ms)

========================================================================
Received Import Request.
  path: Assets/Scenes/LVL3.unity
  artifactKey: Guid(000284ee154469644a9d635aed7c9bcc) Importer(815301076,1909f56bfc062723c751e8b465ee728b)
Start importing Assets/Scenes/LVL3.unity using Guid(000284ee154469644a9d635aed7c9bcc) Importer(815301076,1909f56bfc062723c751e8b465ee728b)  -> (artifact id: 'b12b67ad63eab452216766dc53fd68db') in 0.232401 seconds
  Import took 0.323230 seconds .

========================================================================
Received Import Request.
  Time since last request: 6.413855 seconds.
  path: Assets/Scenes/LVL4.unity
  artifactKey: Guid(72746434a18d83d4ca05661e073acc1a) Importer(815301076,1909f56bfc062723c751e8b465ee728b)
Start importing Assets/Scenes/LVL4.unity using Guid(72746434a18d83d4ca05661e073acc1a) Importer(815301076,1909f56bfc062723c751e8b465ee728b)  -> (artifact id: '67d61c0dde3b43929131ac571d96353e') in 0.124816 seconds
  Import took 0.167145 seconds .

========================================================================
Received Prepare
Registering precompiled user dll's ...
Registered in 0.001608 seconds.
Begin MonoManager ReloadAssembly
Native extension for WindowsStandalone target not found
Refreshing native plugins compatible for Editor in 0.45 ms, found 0 plugins.
Preloading 0 native plugins for Editor in 0.00 ms.
Invoked RoslynAnalysisRunner static constructor.
RoslynAnalysisRunner will not be running.
RoslynAnalysisRunner has terminated.
Mono: successfully reloaded assembly
- Completed reload, in  0.890 seconds
Platform modules already initialized, skipping
Shader 'Universal Render Pipeline/Particles/Lit': fallback shader 'Universal Render Pipeline/Particles/SimpleLit' not found
Shader 'Universal Render Pipeline/Particles/Lit': fallback shader 'Universal Render Pipeline/Particles/SimpleLit' not found
Refreshing native plugins compatible for Editor in 0.49 ms, found 0 plugins.
Preloading 0 native plugins for Editor in 0.00 ms.
Unloading 2359 Unused Serialized files (Serialized files now loaded: 0)
System memory in use before: 111.6 MB.
System memory in use after: 109.6 MB.

Unloading 40 unused Assets to reduce memory usage. Loaded Objects now: 2857.
Total: 3.995200 ms (FindLiveObjects: 0.314300 ms CreateObjectMapping: 0.138300 ms MarkObjects: 2.026000 ms  DeleteObjects: 1.515600 ms)

========================================================================
Received Import Request.
  Time since last request: 54.948217 seconds.
  path: Assets/Scenes/LVL3.unity
  artifactKey: Guid(72746434a18d83d4ca05661e073acc1a) Importer(815301076,1909f56bfc062723c751e8b465ee728b)
Start importing Assets/Scenes/LVL3.unity using Guid(72746434a18d83d4ca05661e073acc1a) Importer(815301076,1909f56bfc062723c751e8b465ee728b)  -> (artifact id: '946763d772f9b3fd2ed7aa1e35804e21') in 0.011083 seconds
  Import took 0.024366 seconds .

========================================================================
Received Import Request.
  Time since last request: 1.211639 seconds.
  path: Assets/Scenes/LVL4.unity
  artifactKey: Guid(0ab127c82ca4eda409227009b4fab11d) Importer(815301076,1909f56bfc062723c751e8b465ee728b)
Start importing Assets/Scenes/LVL4.unity using Guid(0ab127c82ca4eda409227009b4fab11d) Importer(815301076,1909f56bfc062723c751e8b465ee728b)  -> (artifact id: '9bab583465e9bc8ae07c56196bf77315') in 0.002643 seconds
  Import took 0.018765 seconds .

========================================================================
Received Import Request.
  Time since last request: 0.870220 seconds.
  path: Assets/Scenes/LVL6.unity
  artifactKey: Guid(cca50322d5421e340a884255ec2f4674) Importer(815301076,1909f56bfc062723c751e8b465ee728b)
Start importing Assets/Scenes/LVL6.unity using Guid(cca50322d5421e340a884255ec2f4674) Importer(815301076,1909f56bfc062723c751e8b465ee728b)  -> (artifact id: 'f8e68a35c474a3b6584a9f5df4e5b865') in 0.021780 seconds
  Import took 0.058891 seconds .

========================================================================
Received Import Request.
  Time since last request: 6.116382 seconds.
  path: Assets/Scenes/LVL5.unity
  artifactKey: Guid(cca50322d5421e340a884255ec2f4674) Importer(815301076,1909f56bfc062723c751e8b465ee728b)
Start importing Assets/Scenes/LVL5.unity using Guid(cca50322d5421e340a884255ec2f4674) Importer(815301076,1909f56bfc062723c751e8b465ee728b)  -> (artifact id: '51af0c9a93cb04830d50fae5ae1339c9') in 0.016046 seconds
  Import took 0.068036 seconds .

========================================================================
Received Import Request.
  Time since last request: 0.901309 seconds.
  path: Assets/Scenes/LVL7.unity
  artifactKey: Guid(fa21bfcae88b3f042899e47477d9bda6) Importer(815301076,1909f56bfc062723c751e8b465ee728b)
Start importing Assets/Scenes/LVL7.unity using Guid(fa21bfcae88b3f042899e47477d9bda6) Importer(815301076,1909f56bfc062723c751e8b465ee728b)  -> (artifact id: '3cc4aff056cafe2f6e740dc6345cefe3') in 0.032592 seconds
  Import took 0.079154 seconds .

========================================================================
Received Import Request.
  Time since last request: 3.422569 seconds.
  path: Assets/Scenes/LVL6.unity
  artifactKey: Guid(fa21bfcae88b3f042899e47477d9bda6) Importer(815301076,1909f56bfc062723c751e8b465ee728b)
Start importing Assets/Scenes/LVL6.unity using Guid(fa21bfcae88b3f042899e47477d9bda6) Importer(815301076,1909f56bfc062723c751e8b465ee728b)  -> (artifact id: 'c463c56ba3a311cb5964695c0d3accd9') in 0.002971 seconds
  Import took 0.042648 seconds .

========================================================================
Received Import Request.
  Time since last request: 7.338938 seconds.
  path: Assets/Scenes/LVL3.unity
  artifactKey: Guid(72746434a18d83d4ca05661e073acc1a) Importer(815301076,1909f56bfc062723c751e8b465ee728b)
Start importing Assets/Scenes/LVL3.unity using Guid(72746434a18d83d4ca05661e073acc1a) Importer(815301076,1909f56bfc062723c751e8b465ee728b)  -> (artifact id: '59fa62ddba0d6c07956ca548fb571cd1') in 0.002501 seconds
  Import took 0.006999 seconds .

========================================================================
Received Import Request.
  Time since last request: 46.604308 seconds.
  path: Assets/Scenes/LVL4.unity
  artifactKey: Guid(0ab127c82ca4eda409227009b4fab11d) Importer(815301076,1909f56bfc062723c751e8b465ee728b)
Start importing Assets/Scenes/LVL4.unity using Guid(0ab127c82ca4eda409227009b4fab11d) Importer(815301076,1909f56bfc062723c751e8b465ee728b)  -> (artifact id: '76f0d92b45b7ad5f44401a0c292e5ace') in 0.002670 seconds
  Import took 0.121878 seconds .

========================================================================
Received Import Request.
  Time since last request: 9.105394 seconds.
  path: Assets/Scenes/LVL1.unity
  artifactKey: Guid(c3cf2b6c54d9ba64899c78d8beb38ece) Importer(815301076,1909f56bfc062723c751e8b465ee728b)
Start importing Assets/Scenes/LVL1.unity using Guid(c3cf2b6c54d9ba64899c78d8beb38ece) Importer(815301076,1909f56bfc062723c751e8b465ee728b)  -> (artifact id: '8f5674a3aa2a5508162d462f498c3f90') in 0.012564 seconds
  Import took 0.042749 seconds .

========================================================================
Received Import Request.
  Time since last request: 4.893970 seconds.
  path: Assets/Scenes/LVL5.unity
  artifactKey: Guid(cca50322d5421e340a884255ec2f4674) Importer(815301076,1909f56bfc062723c751e8b465ee728b)
Start importing Assets/Scenes/LVL5.unity using Guid(cca50322d5421e340a884255ec2f4674) Importer(815301076,1909f56bfc062723c751e8b465ee728b)  -> (artifact id: 'b0f9c70303a1c92574c17af98195f998') in 0.002535 seconds
  Import took 0.008070 seconds .

========================================================================
Received Import Request.
  Time since last request: 0.621305 seconds.
  path: Assets/Scenes/LVL6.unity
  artifactKey: Guid(fa21bfcae88b3f042899e47477d9bda6) Importer(815301076,1909f56bfc062723c751e8b465ee728b)
Start importing Assets/Scenes/LVL6.unity using Guid(fa21bfcae88b3f042899e47477d9bda6) Importer(815301076,1909f56bfc062723c751e8b465ee728b)  -> (artifact id: '4b27a28c2ec4c56ce122c9b89333a4ee') in 0.002386 seconds
  Import took 0.059097 seconds .

========================================================================
Received Prepare
Registering precompiled user dll's ...
Registered in 0.001543 seconds.
Begin MonoManager ReloadAssembly
Native extension for WindowsStandalone target not found
Refreshing native plugins compatible for Editor in 1.89 ms, found 0 plugins.
Preloading 0 native plugins for Editor in 0.00 ms.
Invoked RoslynAnalysisRunner static constructor.
RoslynAnalysisRunner will not be running.
RoslynAnalysisRunner has terminated.
Mono: successfully reloaded assembly
- Completed reload, in  1.711 seconds
Platform modules already initialized, skipping
Shader 'Universal Render Pipeline/Particles/Lit': fallback shader 'Universal Render Pipeline/Particles/SimpleLit' not found
Shader 'Universal Render Pipeline/Particles/Lit': fallback shader 'Universal Render Pipeline/Particles/SimpleLit' not found
Refreshing native plugins compatible for Editor in 1.86 ms, found 0 plugins.
Preloading 0 native plugins for Editor in 0.00 ms.
Unloading 2359 Unused Serialized files (Serialized files now loaded: 0)
System memory in use before: 111.7 MB.
System memory in use after: 109.7 MB.

Unloading 40 unused Assets to reduce memory usage. Loaded Objects now: 2859.
Total: 6.630700 ms (FindLiveObjects: 0.558700 ms CreateObjectMapping: 0.454500 ms MarkObjects: 4.006400 ms  DeleteObjects: 1.609200 ms)

========================================================================
Received Prepare
Registering precompiled user dll's ...
Registered in 0.001872 seconds.
Begin MonoManager ReloadAssembly
Native extension for WindowsStandalone target not found
Refreshing native plugins compatible for Editor in 0.53 ms, found 0 plugins.
Preloading 0 native plugins for Editor in 0.00 ms.
Invoked RoslynAnalysisRunner static constructor.
RoslynAnalysisRunner will not be running.
RoslynAnalysisRunner has terminated.
Mono: successfully reloaded assembly
- Completed reload, in  0.867 seconds
Platform modules already initialized, skipping
Shader 'Universal Render Pipeline/Particles/Lit': fallback shader 'Universal Render Pipeline/Particles/SimpleLit' not found
Shader 'Universal Render Pipeline/Particles/Lit': fallback shader 'Universal Render Pipeline/Particles/SimpleLit' not found
Refreshing native plugins compatible for Editor in 0.61 ms, found 0 plugins.
Preloading 0 native plugins for Editor in 0.00 ms.
Unloading 2359 Unused Serialized files (Serialized files now loaded: 0)
System memory in use before: 111.8 MB.
System memory in use after: 109.7 MB.

Unloading 40 unused Assets to reduce memory usage. Loaded Objects now: 2861.
Total: 4.213600 ms (FindLiveObjects: 0.548600 ms CreateObjectMapping: 0.205000 ms MarkObjects: 1.995600 ms  DeleteObjects: 1.463800 ms)

========================================================================
Received Prepare
Registering precompiled user dll's ...
Registered in 0.001373 seconds.
Begin MonoManager ReloadAssembly
Native extension for WindowsStandalone target not found
Refreshing native plugins compatible for Editor in 0.57 ms, found 0 plugins.
Preloading 0 native plugins for Editor in 0.00 ms.
Invoked RoslynAnalysisRunner static constructor.
RoslynAnalysisRunner will not be running.
RoslynAnalysisRunner has terminated.
Mono: successfully reloaded assembly
- Completed reload, in  0.932 seconds
Platform modules already initialized, skipping
Shader 'Universal Render Pipeline/Particles/Lit': fallback shader 'Universal Render Pipeline/Particles/SimpleLit' not found
Shader 'Universal Render Pipeline/Particles/Lit': fallback shader 'Universal Render Pipeline/Particles/SimpleLit' not found
Refreshing native plugins compatible for Editor in 0.54 ms, found 0 plugins.
Preloading 0 native plugins for Editor in 0.00 ms.
Unloading 2359 Unused Serialized files (Serialized files now loaded: 0)
System memory in use before: 111.6 MB.
System memory in use after: 109.6 MB.

Unloading 40 unused Assets to reduce memory usage. Loaded Objects now: 2863.
Total: 4.803200 ms (FindLiveObjects: 0.289000 ms CreateObjectMapping: 0.146100 ms MarkObjects: 2.096700 ms  DeleteObjects: 2.270600 ms)

========================================================================
Received Import Request.
  Time since last request: 785.660548 seconds.
  path: Assets/Scenes/LVL3.unity
  artifactKey: Guid(72746434a18d83d4ca05661e073acc1a) Importer(815301076,1909f56bfc062723c751e8b465ee728b)
Start importing Assets/Scenes/LVL3.unity using Guid(72746434a18d83d4ca05661e073acc1a) Importer(815301076,1909f56bfc062723c751e8b465ee728b)  -> (artifact id: '4d02652f9852bfd1e87d85f51f558c2e') in 0.014535 seconds
  Import took 0.122128 seconds .

========================================================================
Received Import Request.
  Time since last request: 13.915977 seconds.
  path: Assets/Scenes/LVL3.unity
  artifactKey: Guid(0ab127c82ca4eda409227009b4fab11d) Importer(815301076,1909f56bfc062723c751e8b465ee728b)
Start importing Assets/Scenes/LVL3.unity using Guid(0ab127c82ca4eda409227009b4fab11d) Importer(815301076,1909f56bfc062723c751e8b465ee728b)  -> (artifact id: 'ef47d63a8fe5da3a98fa0418dbf3c652') in 0.002551 seconds
  Import took 0.063750 seconds .

========================================================================
Received Import Request.
  Time since last request: 5.298123 seconds.
  path: Assets/Scenes/LVL4.unity
  artifactKey: Guid(cca50322d5421e340a884255ec2f4674) Importer(815301076,1909f56bfc062723c751e8b465ee728b)
Start importing Assets/Scenes/LVL4.unity using Guid(cca50322d5421e340a884255ec2f4674) Importer(815301076,1909f56bfc062723c751e8b465ee728b)  -> (artifact id: 'c4313f3d6558df86bcd39b652203ac71') in 0.002449 seconds
  Import took 0.162413 seconds .

========================================================================
Received Import Request.
  Time since last request: 14.209507 seconds.
  path: Assets/Scenes/LVL5.unity
  artifactKey: Guid(fa21bfcae88b3f042899e47477d9bda6) Importer(815301076,1909f56bfc062723c751e8b465ee728b)
Start importing Assets/Scenes/LVL5.unity using Guid(fa21bfcae88b3f042899e47477d9bda6) Importer(815301076,1909f56bfc062723c751e8b465ee728b)  -> (artifact id: 'c1737b6edfb0226dc42f166ad0794c1a') in 0.002802 seconds
  Import took 0.026793 seconds .

========================================================================
Received Import Request.
  Time since last request: 2.904688 seconds.
  path: Assets/Scenes/LVL3.unity
  artifactKey: Guid(0ab127c82ca4eda409227009b4fab11d) Importer(815301076,1909f56bfc062723c751e8b465ee728b)
Start importing Assets/Scenes/LVL3.unity using Guid(0ab127c82ca4eda409227009b4fab11d) Importer(815301076,1909f56bfc062723c751e8b465ee728b)  -> (artifact id: '9c4f66a186d7948bdae65c1a88d59291') in 0.002872 seconds
  Import took 0.100139 seconds .

AssetImportWorkerClient::OnTransportError - code=2 error=End of file
