Using pre-set license
Built from '2020.2/release' branch; Version is '2020.2.2f1 (068178b99f32) revision 426360'; Using compiler version '192528614'; Build Type 'Release'
OS: 'Windows 10 Home Single Language; OS build 18363.1316; Version 1909; 64bit' Language: 'ru' Physical Memory: 5995 MB
BatchMode: 1, IsHumanControllingUs: 0, StartBugReporterOnCrash: 0, Is64bit: 1, IsPro: 0

 COMMAND LINE ARGUMENTS:
D:\UNity\2020.2.2f1\Editor\Unity.exe
-adb2
-batchMode
-noUpm
-name
AssetImportWorker1
-projectPath
D:/UNity/Puzzle
-logFile
Logs/AssetImportWorker1.log
-srvPort
56852
Successfully changed project path to: D:/UNity/Puzzle
D:/UNity/Puzzle
Using Asset Import Pipeline V2.
Refreshing native plugins compatible for Editor in 44.38 ms, found 0 plugins.
Preloading 0 native plugins for Editor in 0.00 ms.
Initialize engine version: 2020.2.2f1 (068178b99f32)
[Subsystems] Discovering subsystems at path D:/UNity/2020.2.2f1/Editor/Data/Resources/UnitySubsystems
[Subsystems] Discovering subsystems at path D:/UNity/Puzzle/Assets
GfxDevice: creating device client; threaded=0
Direct3D:
    Version:  Direct3D 11.0 [level 11.1]
    Renderer: NVIDIA GeForce MX250 (ID=0x1d13)
    Vendor:   
    VRAM:     1983 MB
    Driver:   26.21.14.4294
Initialize mono
Mono path[0] = 'D:/UNity/2020.2.2f1/Editor/Data/Managed'
Mono path[1] = 'D:/UNity/2020.2.2f1/Editor/Data/MonoBleedingEdge/lib/mono/unityjit'
Mono config path = 'D:/UNity/2020.2.2f1/Editor/Data/MonoBleedingEdge/etc'
Using monoOptions --debugger-agent=transport=dt_socket,embedding=1,server=y,suspend=n,address=127.0.0.1:56408
Begin MonoManager ReloadAssembly
Registering precompiled unity dll's ...
Register platform support module: D:/UNity/2020.2.2f1/Editor/Data/PlaybackEngines/WindowsStandaloneSupport/UnityEditor.WindowsStandalone.Extensions.dll
Registered in 0.001548 seconds.
Native extension for WindowsStandalone target not found
Refreshing native plugins compatible for Editor in 44.19 ms, found 0 plugins.
Preloading 0 native plugins for Editor in 0.00 ms.
Invoked RoslynAnalysisRunner static constructor.
RoslynAnalysisRunner will not be running.
RoslynAnalysisRunner has terminated.
Mono: successfully reloaded assembly
- Completed reload, in  0.979 seconds
Platform modules already initialized, skipping
Registering precompiled user dll's ...
Registered in 0.001339 seconds.
Begin MonoManager ReloadAssembly
Native extension for WindowsStandalone target not found
Refreshing native plugins compatible for Editor in 90.74 ms, found 0 plugins.
Preloading 0 native plugins for Editor in 0.00 ms.
Invoked RoslynAnalysisRunner static constructor.
RoslynAnalysisRunner will not be running.
RoslynAnalysisRunner has terminated.
Mono: successfully reloaded assembly
- Completed reload, in  2.198 seconds
Platform modules already initialized, skipping
========================================================================
Worker process is ready to serve import requests
Shader 'Universal Render Pipeline/Particles/Lit': fallback shader 'Universal Render Pipeline/Particles/SimpleLit' not found
Shader 'Universal Render Pipeline/Particles/Lit': fallback shader 'Universal Render Pipeline/Particles/SimpleLit' not found
Launched and connected shader compiler UnityShaderCompiler.exe after 0.21 seconds
Refreshing native plugins compatible for Editor in 0.50 ms, found 0 plugins.
Preloading 0 native plugins for Editor in 0.00 ms.
Unloading 2447 Unused Serialized files (Serialized files now loaded: 0)
System memory in use before: 114.6 MB.
System memory in use after: 112.5 MB.

Unloading 45 unused Assets to reduce memory usage. Loaded Objects now: 2855.
Total: 4.241700 ms (FindLiveObjects: 0.343600 ms CreateObjectMapping: 0.096100 ms MarkObjects: 2.405000 ms  DeleteObjects: 1.395300 ms)

========================================================================
Received Import Request.
  path: Assets/Scenes/LVL 3.unity
  artifactKey: Guid(0ab127c82ca4eda409227009b4fab11d) Importer(815301076,1909f56bfc062723c751e8b465ee728b)
Start importing Assets/Scenes/LVL 3.unity using Guid(0ab127c82ca4eda409227009b4fab11d) Importer(815301076,1909f56bfc062723c751e8b465ee728b)  -> (artifact id: 'aae5d6bdcb4bde6d942704c80d45f8d9') in 0.062432 seconds
  Import took 0.147237 seconds .

========================================================================
Received Import Request.
  Time since last request: 0.000588 seconds.
  path: Assets/Scenes/LVL 4.unity
  artifactKey: Guid(cca50322d5421e340a884255ec2f4674) Importer(815301076,1909f56bfc062723c751e8b465ee728b)
Start importing Assets/Scenes/LVL 4.unity using Guid(cca50322d5421e340a884255ec2f4674) Importer(815301076,1909f56bfc062723c751e8b465ee728b)  -> (artifact id: 'f932b0ce64c62035c9cb68cc151a938e') in 0.002035 seconds
  Import took 0.031716 seconds .

========================================================================
Received Import Request.
  Time since last request: 0.000393 seconds.
  path: Assets/Scenes/LVL3.unity
  artifactKey: Guid(72746434a18d83d4ca05661e073acc1a) Importer(815301076,1909f56bfc062723c751e8b465ee728b)
Start importing Assets/Scenes/LVL3.unity using Guid(72746434a18d83d4ca05661e073acc1a) Importer(815301076,1909f56bfc062723c751e8b465ee728b)  -> (artifact id: '59fa62ddba0d6c07956ca548fb571cd1') in 0.001798 seconds
  Import took 0.043589 seconds .

========================================================================
Received Import Request.
  Time since last request: 43.899429 seconds.
  path: Assets/Scenes/ненужный.unity
  artifactKey: Guid(72746434a18d83d4ca05661e073acc1a) Importer(815301076,1909f56bfc062723c751e8b465ee728b)
Start importing Assets/Scenes/ненужный.unity using Guid(72746434a18d83d4ca05661e073acc1a) Importer(815301076,1909f56bfc062723c751e8b465ee728b)  -> (artifact id: '0874bf4c39d7c9eb1ed4b454de27e159') in 0.003508 seconds
  Import took 0.088304 seconds .

========================================================================
Received Import Request.
  Time since last request: 11.124578 seconds.
  path: Assets/Scenes/LVL3.unity
  artifactKey: Guid(000284ee154469644a9d635aed7c9bcc) Importer(815301076,1909f56bfc062723c751e8b465ee728b)
Start importing Assets/Scenes/LVL3.unity using Guid(000284ee154469644a9d635aed7c9bcc) Importer(815301076,1909f56bfc062723c751e8b465ee728b)  -> (artifact id: '8c0f4ebd37698cd14912b2517e045273') in 0.002724 seconds
  Import took 0.275848 seconds .

========================================================================
Received Import Request.
  Time since last request: 96.932717 seconds.
  path: Assets/Scenes/LVL1 1.unity
  artifactKey: Guid(98680f54a3d34744ba8ffa507bd6210e) Importer(815301076,1909f56bfc062723c751e8b465ee728b)
Start importing Assets/Scenes/LVL1 1.unity using Guid(98680f54a3d34744ba8ffa507bd6210e) Importer(815301076,1909f56bfc062723c751e8b465ee728b)  -> (artifact id: '02a627c3d5d892c65c1ef8a665f6921a') in 0.008388 seconds
  Import took 0.023484 seconds .

========================================================================
Received Import Request.
  Time since last request: 88.092767 seconds.
  path: Assets/Scenes/ненужный.unity
  artifactKey: Guid(72746434a18d83d4ca05661e073acc1a) Importer(815301076,1909f56bfc062723c751e8b465ee728b)
Start importing Assets/Scenes/ненужный.unity using Guid(72746434a18d83d4ca05661e073acc1a) Importer(815301076,1909f56bfc062723c751e8b465ee728b)  -> (artifact id: 'bbe032fe328eb22e8a0a3b1439cb7610') in 0.002819 seconds
  Import took 0.021082 seconds .

========================================================================
Received Import Request.
  Time since last request: 283.959588 seconds.
  path: Assets/Scenes/LVL3.unity
  artifactKey: Guid(000284ee154469644a9d635aed7c9bcc) Importer(815301076,1909f56bfc062723c751e8b465ee728b)
Start importing Assets/Scenes/LVL3.unity using Guid(000284ee154469644a9d635aed7c9bcc) Importer(815301076,1909f56bfc062723c751e8b465ee728b)  -> (artifact id: '9045c548b282013d9b205573a6812f73') in 0.002845 seconds
  Import took 0.029834 seconds .

========================================================================
Received Prepare
Registering precompiled user dll's ...
Registered in 0.001315 seconds.
Begin MonoManager ReloadAssembly
Native extension for WindowsStandalone target not found
Refreshing native plugins compatible for Editor in 0.56 ms, found 0 plugins.
Preloading 0 native plugins for Editor in 0.00 ms.
Invoked RoslynAnalysisRunner static constructor.
RoslynAnalysisRunner will not be running.
RoslynAnalysisRunner has terminated.
Mono: successfully reloaded assembly
- Completed reload, in  0.950 seconds
Platform modules already initialized, skipping
Shader 'Universal Render Pipeline/Particles/Lit': fallback shader 'Universal Render Pipeline/Particles/SimpleLit' not found
Shader 'Universal Render Pipeline/Particles/Lit': fallback shader 'Universal Render Pipeline/Particles/SimpleLit' not found
Refreshing native plugins compatible for Editor in 0.80 ms, found 0 plugins.
Preloading 0 native plugins for Editor in 0.00 ms.
Unloading 2359 Unused Serialized files (Serialized files now loaded: 0)
System memory in use before: 110.7 MB.
System memory in use after: 108.6 MB.

Unloading 40 unused Assets to reduce memory usage. Loaded Objects now: 2857.
Total: 4.501600 ms (FindLiveObjects: 0.412200 ms CreateObjectMapping: 0.247800 ms MarkObjects: 2.217800 ms  DeleteObjects: 1.622700 ms)

========================================================================
Received Prepare
Registering precompiled user dll's ...
Registered in 0.001349 seconds.
Begin MonoManager ReloadAssembly
Native extension for WindowsStandalone target not found
Refreshing native plugins compatible for Editor in 0.48 ms, found 0 plugins.
Preloading 0 native plugins for Editor in 0.00 ms.
Invoked RoslynAnalysisRunner static constructor.
RoslynAnalysisRunner will not be running.
RoslynAnalysisRunner has terminated.
Mono: successfully reloaded assembly
- Completed reload, in  0.819 seconds
Platform modules already initialized, skipping
Shader 'Universal Render Pipeline/Particles/Lit': fallback shader 'Universal Render Pipeline/Particles/SimpleLit' not found
Shader 'Universal Render Pipeline/Particles/Lit': fallback shader 'Universal Render Pipeline/Particles/SimpleLit' not found
Refreshing native plugins compatible for Editor in 0.42 ms, found 0 plugins.
Preloading 0 native plugins for Editor in 0.00 ms.
Unloading 2359 Unused Serialized files (Serialized files now loaded: 0)
System memory in use before: 111.7 MB.
System memory in use after: 109.6 MB.

Unloading 40 unused Assets to reduce memory usage. Loaded Objects now: 2859.
Total: 4.614800 ms (FindLiveObjects: 0.307800 ms CreateObjectMapping: 0.129400 ms MarkObjects: 2.101000 ms  DeleteObjects: 2.075500 ms)

========================================================================
Received Import Request.
  Time since last request: 726.308412 seconds.
  path: Assets/Scenes/LVL3.unity
  artifactKey: Guid(000284ee154469644a9d635aed7c9bcc) Importer(815301076,1909f56bfc062723c751e8b465ee728b)
Start importing Assets/Scenes/LVL3.unity using Guid(000284ee154469644a9d635aed7c9bcc) Importer(815301076,1909f56bfc062723c751e8b465ee728b)  -> (artifact id: 'c4ac48bb4ee83c9131990bb0830a0d47') in 0.037224 seconds
  Import took 0.042979 seconds .

========================================================================
Received Prepare
Registering precompiled user dll's ...
Registered in 0.001789 seconds.
Begin MonoManager ReloadAssembly
Native extension for WindowsStandalone target not found
Refreshing native plugins compatible for Editor in 0.48 ms, found 0 plugins.
Preloading 0 native plugins for Editor in 0.00 ms.
Invoked RoslynAnalysisRunner static constructor.
RoslynAnalysisRunner will not be running.
RoslynAnalysisRunner has terminated.
Mono: successfully reloaded assembly
- Completed reload, in  0.930 seconds
Platform modules already initialized, skipping
Shader 'Universal Render Pipeline/Particles/Lit': fallback shader 'Universal Render Pipeline/Particles/SimpleLit' not found
Shader 'Universal Render Pipeline/Particles/Lit': fallback shader 'Universal Render Pipeline/Particles/SimpleLit' not found
Refreshing native plugins compatible for Editor in 0.73 ms, found 0 plugins.
Preloading 0 native plugins for Editor in 0.00 ms.
Unloading 2359 Unused Serialized files (Serialized files now loaded: 0)
System memory in use before: 111.7 MB.
System memory in use after: 109.7 MB.

Unloading 40 unused Assets to reduce memory usage. Loaded Objects now: 2861.
Total: 5.606200 ms (FindLiveObjects: 0.341800 ms CreateObjectMapping: 0.190400 ms MarkObjects: 3.098000 ms  DeleteObjects: 1.974200 ms)

========================================================================
Received Prepare
Registering precompiled user dll's ...
Registered in 0.001431 seconds.
Begin MonoManager ReloadAssembly
Native extension for WindowsStandalone target not found
Refreshing native plugins compatible for Editor in 0.45 ms, found 0 plugins.
Preloading 0 native plugins for Editor in 0.00 ms.
Invoked RoslynAnalysisRunner static constructor.
RoslynAnalysisRunner will not be running.
RoslynAnalysisRunner has terminated.
Mono: successfully reloaded assembly
- Completed reload, in  0.867 seconds
Platform modules already initialized, skipping
Shader 'Universal Render Pipeline/Particles/Lit': fallback shader 'Universal Render Pipeline/Particles/SimpleLit' not found
Shader 'Universal Render Pipeline/Particles/Lit': fallback shader 'Universal Render Pipeline/Particles/SimpleLit' not found
Refreshing native plugins compatible for Editor in 0.59 ms, found 0 plugins.
Preloading 0 native plugins for Editor in 0.00 ms.
Unloading 2359 Unused Serialized files (Serialized files now loaded: 0)
System memory in use before: 111.7 MB.
System memory in use after: 109.7 MB.

Unloading 40 unused Assets to reduce memory usage. Loaded Objects now: 2863.
Total: 5.269200 ms (FindLiveObjects: 0.923600 ms CreateObjectMapping: 0.286400 ms MarkObjects: 2.620200 ms  DeleteObjects: 1.436000 ms)

========================================================================
Received Import Request.
  Time since last request: 207.830756 seconds.
  path: Assets/Scenes/LVL3.unity
  artifactKey: Guid(000284ee154469644a9d635aed7c9bcc) Importer(815301076,1909f56bfc062723c751e8b465ee728b)
Start importing Assets/Scenes/LVL3.unity using Guid(000284ee154469644a9d635aed7c9bcc) Importer(815301076,1909f56bfc062723c751e8b465ee728b)  -> (artifact id: 'd829d3c4d9b8ba5ca4ae40ff42ffb024') in 0.013946 seconds
  Import took 0.030832 seconds .

========================================================================
Received Prepare
Registering precompiled user dll's ...
Registered in 0.001426 seconds.
Begin MonoManager ReloadAssembly
Native extension for WindowsStandalone target not found
Refreshing native plugins compatible for Editor in 0.49 ms, found 0 plugins.
Preloading 0 native plugins for Editor in 0.00 ms.
Invoked RoslynAnalysisRunner static constructor.
RoslynAnalysisRunner will not be running.
RoslynAnalysisRunner has terminated.
Mono: successfully reloaded assembly
- Completed reload, in  0.941 seconds
Platform modules already initialized, skipping
Shader 'Universal Render Pipeline/Particles/Lit': fallback shader 'Universal Render Pipeline/Particles/SimpleLit' not found
Shader 'Universal Render Pipeline/Particles/Lit': fallback shader 'Universal Render Pipeline/Particles/SimpleLit' not found
Refreshing native plugins compatible for Editor in 0.48 ms, found 0 plugins.
Preloading 0 native plugins for Editor in 0.00 ms.
Unloading 2359 Unused Serialized files (Serialized files now loaded: 0)
System memory in use before: 111.5 MB.
System memory in use after: 109.5 MB.

Unloading 40 unused Assets to reduce memory usage. Loaded Objects now: 2865.
Total: 3.802700 ms (FindLiveObjects: 0.288500 ms CreateObjectMapping: 0.127800 ms MarkObjects: 1.902100 ms  DeleteObjects: 1.483300 ms)

========================================================================
Received Prepare
Registering precompiled user dll's ...
Registered in 0.001300 seconds.
Begin MonoManager ReloadAssembly
Native extension for WindowsStandalone target not found
Refreshing native plugins compatible for Editor in 0.57 ms, found 0 plugins.
Preloading 0 native plugins for Editor in 0.00 ms.
Invoked RoslynAnalysisRunner static constructor.
RoslynAnalysisRunner will not be running.
RoslynAnalysisRunner has terminated.
Mono: successfully reloaded assembly
- Completed reload, in  0.914 seconds
Platform modules already initialized, skipping
Shader 'Universal Render Pipeline/Particles/Lit': fallback shader 'Universal Render Pipeline/Particles/SimpleLit' not found
Shader 'Universal Render Pipeline/Particles/Lit': fallback shader 'Universal Render Pipeline/Particles/SimpleLit' not found
Refreshing native plugins compatible for Editor in 0.47 ms, found 0 plugins.
Preloading 0 native plugins for Editor in 0.00 ms.
Unloading 2359 Unused Serialized files (Serialized files now loaded: 0)
System memory in use before: 111.8 MB.
System memory in use after: 109.7 MB.

Unloading 40 unused Assets to reduce memory usage. Loaded Objects now: 2867.
Total: 5.642800 ms (FindLiveObjects: 0.315400 ms CreateObjectMapping: 0.147000 ms MarkObjects: 2.762700 ms  DeleteObjects: 2.416200 ms)

========================================================================
Received Import Request.
  Time since last request: 279.062700 seconds.
  path: Assets/Scenes/LVL4.unity
  artifactKey: Guid(cca50322d5421e340a884255ec2f4674) Importer(815301076,1909f56bfc062723c751e8b465ee728b)
Start importing Assets/Scenes/LVL4.unity using Guid(cca50322d5421e340a884255ec2f4674) Importer(815301076,1909f56bfc062723c751e8b465ee728b)  -> (artifact id: '759052737bf950483851aa74f55eeb2b') in 0.014224 seconds
  Import took 0.031359 seconds .

========================================================================
Received Import Request.
  Time since last request: 412.829461 seconds.
  path: Assets/Scenes/Menu.unity
  artifactKey: Guid(0e7561d906342bd40b0e3284d2f82fef) Importer(815301076,1909f56bfc062723c751e8b465ee728b)
Start importing Assets/Scenes/Menu.unity using Guid(0e7561d906342bd40b0e3284d2f82fef) Importer(815301076,1909f56bfc062723c751e8b465ee728b)  -> (artifact id: 'c3620b7a17d425a962308e7eef950d40') in 0.015660 seconds
  Import took 0.034875 seconds .

========================================================================
Received Import Request.
  Time since last request: 263.838744 seconds.
  path: Assets/TextMesh Pro/Resources/Fonts & Materials/LiberationSans SDF - Drop Shadow.mat
  artifactKey: Guid(e73a58f6e2794ae7b1b7e50b7fb811b0) Importer(815301076,1909f56bfc062723c751e8b465ee728b)
Start importing Assets/TextMesh Pro/Resources/Fonts & Materials/LiberationSans SDF - Drop Shadow.mat using Guid(e73a58f6e2794ae7b1b7e50b7fb811b0) Importer(815301076,1909f56bfc062723c751e8b465ee728b)  -> (artifact id: 'f7dcb413167f4a2de8dd7087e96fd381') in 1.286496 seconds
  Import took 1.316891 seconds .

========================================================================
Received Import Request.
  Time since last request: 0.000348 seconds.
  path: Assets/TextMesh Pro/Resources/Fonts & Materials/LiberationSans SDF - Outline.mat
  artifactKey: Guid(79459efec17a4d00a321bdcc27bbc385) Importer(815301076,1909f56bfc062723c751e8b465ee728b)
Start importing Assets/TextMesh Pro/Resources/Fonts & Materials/LiberationSans SDF - Outline.mat using Guid(79459efec17a4d00a321bdcc27bbc385) Importer(815301076,1909f56bfc062723c751e8b465ee728b)  -> (artifact id: 'fc5a94ef1bba69e6a2e29c01203258cf') in 0.097131 seconds
  Import took 0.153531 seconds .

========================================================================
Received Import Request.
  Time since last request: 0.000236 seconds.
  path: Assets/TextMesh Pro/Resources/Fonts & Materials/LiberationSans SDF - Fallback.asset
  artifactKey: Guid(2e498d1c8094910479dc3e1b768306a4) Importer(815301076,1909f56bfc062723c751e8b465ee728b)
Start importing Assets/TextMesh Pro/Resources/Fonts & Materials/LiberationSans SDF - Fallback.asset using Guid(2e498d1c8094910479dc3e1b768306a4) Importer(815301076,1909f56bfc062723c751e8b465ee728b)  -> (artifact id: '62f11d07c59e69d5702954b31df51378') in 0.323902 seconds
  Import took 0.370580 seconds .

========================================================================
Received Import Request.
  Time since last request: 0.000404 seconds.
  path: Assets/TextMesh Pro/Resources/Fonts & Materials/LiberationSans SDF - Drop Shadow.mat
  artifactKey: Guid(e73a58f6e2794ae7b1b7e50b7fb811b0) Importer(815301076,1909f56bfc062723c751e8b465ee728b)
Start importing Assets/TextMesh Pro/Resources/Fonts & Materials/LiberationSans SDF - Drop Shadow.mat using Guid(e73a58f6e2794ae7b1b7e50b7fb811b0) Importer(815301076,1909f56bfc062723c751e8b465ee728b)  -> (artifact id: 'f7dcb413167f4a2de8dd7087e96fd381') in 0.037194 seconds
  Import took 0.041251 seconds .

========================================================================
Received Import Request.
  Time since last request: 0.000189 seconds.
  path: Assets/TextMesh Pro/Resources/Fonts & Materials/LiberationSans SDF.asset
  artifactKey: Guid(8f586378b4e144a9851e7b34d9b748ee) Importer(815301076,1909f56bfc062723c751e8b465ee728b)
Start importing Assets/TextMesh Pro/Resources/Fonts & Materials/LiberationSans SDF.asset using Guid(8f586378b4e144a9851e7b34d9b748ee) Importer(815301076,1909f56bfc062723c751e8b465ee728b)  -> (artifact id: '3697f9f1e8e6020225cc59e334828a4c') in 0.070720 seconds
  Import took 0.082656 seconds .

========================================================================
Received Import Request.
  Time since last request: 0.000523 seconds.
  path: Assets/TextMesh Pro/Resources/Fonts & Materials/LiberationSans SDF.asset
  artifactKey: Guid(8f586378b4e144a9851e7b34d9b748ee) Importer(815301076,1909f56bfc062723c751e8b465ee728b)
Start importing Assets/TextMesh Pro/Resources/Fonts & Materials/LiberationSans SDF.asset using Guid(8f586378b4e144a9851e7b34d9b748ee) Importer(815301076,1909f56bfc062723c751e8b465ee728b)  -> (artifact id: '3697f9f1e8e6020225cc59e334828a4c') in 0.075247 seconds
  Import took 0.079970 seconds .

========================================================================
Received Import Request.
  Time since last request: 89.632266 seconds.
  path: Assets/Scripts/Menu.cs
  artifactKey: Guid(4fc612d07f529de409462860598fdf4b) Importer(815301076,1909f56bfc062723c751e8b465ee728b)
Start importing Assets/Scripts/Menu.cs using Guid(4fc612d07f529de409462860598fdf4b) Importer(815301076,1909f56bfc062723c751e8b465ee728b)  -> (artifact id: '3b5befc8bf0d29c3cfcc012e050796cb') in 0.039495 seconds
  Import took 0.078950 seconds .

========================================================================
Received Prepare
Registering precompiled user dll's ...
Registered in 0.001408 seconds.
Begin MonoManager ReloadAssembly
Native extension for WindowsStandalone target not found
Refreshing native plugins compatible for Editor in 0.55 ms, found 0 plugins.
Preloading 0 native plugins for Editor in 0.00 ms.
Invoked RoslynAnalysisRunner static constructor.
RoslynAnalysisRunner will not be running.
RoslynAnalysisRunner has terminated.
Mono: successfully reloaded assembly
- Completed reload, in  1.306 seconds
Platform modules already initialized, skipping
Shader 'Universal Render Pipeline/Particles/Lit': fallback shader 'Universal Render Pipeline/Particles/SimpleLit' not found
Shader 'Universal Render Pipeline/Particles/Lit': fallback shader 'Universal Render Pipeline/Particles/SimpleLit' not found
Refreshing native plugins compatible for Editor in 0.66 ms, found 0 plugins.
Preloading 0 native plugins for Editor in 0.00 ms.
Unloading 2360 Unused Serialized files (Serialized files now loaded: 0)
System memory in use before: 117.6 MB.
System memory in use after: 115.5 MB.

Unloading 40 unused Assets to reduce memory usage. Loaded Objects now: 2951.
Total: 16.924900 ms (FindLiveObjects: 0.396500 ms CreateObjectMapping: 0.143400 ms MarkObjects: 15.116500 ms  DeleteObjects: 1.265200 ms)

========================================================================
Received Prepare
Registering precompiled user dll's ...
Registered in 0.003314 seconds.
Begin MonoManager ReloadAssembly
Native extension for WindowsStandalone target not found
Refreshing native plugins compatible for Editor in 0.57 ms, found 0 plugins.
Preloading 0 native plugins for Editor in 0.00 ms.
Invoked RoslynAnalysisRunner static constructor.
RoslynAnalysisRunner will not be running.
RoslynAnalysisRunner has terminated.
Mono: successfully reloaded assembly
- Completed reload, in  4.434 seconds
Platform modules already initialized, skipping
Shader 'Universal Render Pipeline/Particles/Lit': fallback shader 'Universal Render Pipeline/Particles/SimpleLit' not found
Shader 'Universal Render Pipeline/Particles/Lit': fallback shader 'Universal Render Pipeline/Particles/SimpleLit' not found
Refreshing native plugins compatible for Editor in 0.48 ms, found 0 plugins.
Preloading 0 native plugins for Editor in 0.00 ms.
Unloading 2360 Unused Serialized files (Serialized files now loaded: 0)
System memory in use before: 117.6 MB.
System memory in use after: 115.5 MB.

Unloading 40 unused Assets to reduce memory usage. Loaded Objects now: 2953.
Total: 110.492900 ms (FindLiveObjects: 2.522700 ms CreateObjectMapping: 0.350700 ms MarkObjects: 105.726800 ms  DeleteObjects: 1.890200 ms)

========================================================================
Received Prepare
Registering precompiled user dll's ...
Registered in 0.002529 seconds.
Begin MonoManager ReloadAssembly
Native extension for WindowsStandalone target not found
Refreshing native plugins compatible for Editor in 0.54 ms, found 0 plugins.
Preloading 0 native plugins for Editor in 0.00 ms.
Invoked RoslynAnalysisRunner static constructor.
RoslynAnalysisRunner will not be running.
RoslynAnalysisRunner has terminated.
Mono: successfully reloaded assembly
- Completed reload, in  2.460 seconds
Platform modules already initialized, skipping
Shader 'Universal Render Pipeline/Particles/Lit': fallback shader 'Universal Render Pipeline/Particles/SimpleLit' not found
Shader 'Universal Render Pipeline/Particles/Lit': fallback shader 'Universal Render Pipeline/Particles/SimpleLit' not found
Refreshing native plugins compatible for Editor in 0.58 ms, found 0 plugins.
Preloading 0 native plugins for Editor in 0.00 ms.
Unloading 2360 Unused Serialized files (Serialized files now loaded: 0)
System memory in use before: 117.6 MB.
System memory in use after: 115.5 MB.

Unloading 40 unused Assets to reduce memory usage. Loaded Objects now: 2955.
Total: 4.889200 ms (FindLiveObjects: 0.389500 ms CreateObjectMapping: 0.182400 ms MarkObjects: 2.753500 ms  DeleteObjects: 1.562200 ms)

========================================================================
Received Prepare
Registering precompiled user dll's ...
Registered in 0.001628 seconds.
Begin MonoManager ReloadAssembly
Native extension for WindowsStandalone target not found
Refreshing native plugins compatible for Editor in 1.12 ms, found 0 plugins.
Preloading 0 native plugins for Editor in 0.00 ms.
Invoked RoslynAnalysisRunner static constructor.
RoslynAnalysisRunner will not be running.
RoslynAnalysisRunner has terminated.
Mono: successfully reloaded assembly
- Completed reload, in  1.631 seconds
Platform modules already initialized, skipping
Shader 'Universal Render Pipeline/Particles/Lit': fallback shader 'Universal Render Pipeline/Particles/SimpleLit' not found
Shader 'Universal Render Pipeline/Particles/Lit': fallback shader 'Universal Render Pipeline/Particles/SimpleLit' not found
Refreshing native plugins compatible for Editor in 0.65 ms, found 0 plugins.
Preloading 0 native plugins for Editor in 0.00 ms.
Unloading 2360 Unused Serialized files (Serialized files now loaded: 0)
System memory in use before: 117.4 MB.
System memory in use after: 115.4 MB.

Unloading 40 unused Assets to reduce memory usage. Loaded Objects now: 2957.
Total: 6.701000 ms (FindLiveObjects: 0.402600 ms CreateObjectMapping: 0.265800 ms MarkObjects: 3.303600 ms  DeleteObjects: 2.726700 ms)

========================================================================
Received Import Request.
  Time since last request: 294.159129 seconds.
  path: Assets/Scripts/Menu.cs
  artifactKey: Guid(4fc612d07f529de409462860598fdf4b) Importer(815301076,1909f56bfc062723c751e8b465ee728b)
Start importing Assets/Scripts/Menu.cs using Guid(4fc612d07f529de409462860598fdf4b) Importer(815301076,1909f56bfc062723c751e8b465ee728b)  -> (artifact id: '7320378c22a5ca4888c85c8be0f8d5be') in 0.100096 seconds
  Import took 0.284537 seconds .

========================================================================
Received Prepare
Registering precompiled user dll's ...
Registered in 0.001456 seconds.
Begin MonoManager ReloadAssembly
Native extension for WindowsStandalone target not found
Refreshing native plugins compatible for Editor in 0.63 ms, found 0 plugins.
Preloading 0 native plugins for Editor in 0.00 ms.
Invoked RoslynAnalysisRunner static constructor.
RoslynAnalysisRunner will not be running.
RoslynAnalysisRunner has terminated.
Mono: successfully reloaded assembly
- Completed reload, in  1.145 seconds
Platform modules already initialized, skipping
Shader 'Universal Render Pipeline/Particles/Lit': fallback shader 'Universal Render Pipeline/Particles/SimpleLit' not found
Shader 'Universal Render Pipeline/Particles/Lit': fallback shader 'Universal Render Pipeline/Particles/SimpleLit' not found
Refreshing native plugins compatible for Editor in 0.61 ms, found 0 plugins.
Preloading 0 native plugins for Editor in 0.00 ms.
Unloading 2360 Unused Serialized files (Serialized files now loaded: 0)
System memory in use before: 117.6 MB.
System memory in use after: 115.5 MB.

Unloading 40 unused Assets to reduce memory usage. Loaded Objects now: 2959.
Total: 3.961100 ms (FindLiveObjects: 0.312800 ms CreateObjectMapping: 0.130000 ms MarkObjects: 1.941700 ms  DeleteObjects: 1.575600 ms)

========================================================================
Received Prepare
Registering precompiled user dll's ...
Registered in 0.001405 seconds.
Begin MonoManager ReloadAssembly
Native extension for WindowsStandalone target not found
Refreshing native plugins compatible for Editor in 0.67 ms, found 0 plugins.
Preloading 0 native plugins for Editor in 0.00 ms.
Invoked RoslynAnalysisRunner static constructor.
RoslynAnalysisRunner will not be running.
RoslynAnalysisRunner has terminated.
Mono: successfully reloaded assembly
- Completed reload, in  1.033 seconds
Platform modules already initialized, skipping
Shader 'Universal Render Pipeline/Particles/Lit': fallback shader 'Universal Render Pipeline/Particles/SimpleLit' not found
Shader 'Universal Render Pipeline/Particles/Lit': fallback shader 'Universal Render Pipeline/Particles/SimpleLit' not found
Refreshing native plugins compatible for Editor in 0.58 ms, found 0 plugins.
Preloading 0 native plugins for Editor in 0.00 ms.
Unloading 2360 Unused Serialized files (Serialized files now loaded: 0)
System memory in use before: 117.6 MB.
System memory in use after: 115.6 MB.

Unloading 40 unused Assets to reduce memory usage. Loaded Objects now: 2961.
Total: 4.725300 ms (FindLiveObjects: 0.330300 ms CreateObjectMapping: 0.175600 ms MarkObjects: 2.532600 ms  DeleteObjects: 1.685600 ms)

========================================================================
Received Prepare
Registering precompiled user dll's ...
Registered in 0.002198 seconds.
Begin MonoManager ReloadAssembly
Native extension for WindowsStandalone target not found
Refreshing native plugins compatible for Editor in 0.57 ms, found 0 plugins.
Preloading 0 native plugins for Editor in 0.00 ms.
Invoked RoslynAnalysisRunner static constructor.
RoslynAnalysisRunner will not be running.
RoslynAnalysisRunner has terminated.
Mono: successfully reloaded assembly
- Completed reload, in  1.612 seconds
Platform modules already initialized, skipping
Shader 'Universal Render Pipeline/Particles/Lit': fallback shader 'Universal Render Pipeline/Particles/SimpleLit' not found
Shader 'Universal Render Pipeline/Particles/Lit': fallback shader 'Universal Render Pipeline/Particles/SimpleLit' not found
Refreshing native plugins compatible for Editor in 0.51 ms, found 0 plugins.
Preloading 0 native plugins for Editor in 0.00 ms.
Unloading 2360 Unused Serialized files (Serialized files now loaded: 0)
System memory in use before: 117.6 MB.
System memory in use after: 115.6 MB.

Unloading 40 unused Assets to reduce memory usage. Loaded Objects now: 2963.
Total: 5.584500 ms (FindLiveObjects: 0.347600 ms CreateObjectMapping: 0.172400 ms MarkObjects: 3.039500 ms  DeleteObjects: 2.023200 ms)

========================================================================
Received Prepare
Registering precompiled user dll's ...
Registered in 0.081188 seconds.
Begin MonoManager ReloadAssembly
Native extension for WindowsStandalone target not found
Refreshing native plugins compatible for Editor in 0.72 ms, found 0 plugins.
Preloading 0 native plugins for Editor in 0.00 ms.
Invoked RoslynAnalysisRunner static constructor.
RoslynAnalysisRunner will not be running.
RoslynAnalysisRunner has terminated.
Mono: successfully reloaded assembly
- Completed reload, in  1.410 seconds
Platform modules already initialized, skipping
Shader 'Universal Render Pipeline/Particles/Lit': fallback shader 'Universal Render Pipeline/Particles/SimpleLit' not found
Shader 'Universal Render Pipeline/Particles/Lit': fallback shader 'Universal Render Pipeline/Particles/SimpleLit' not found
Refreshing native plugins compatible for Editor in 0.50 ms, found 0 plugins.
Preloading 0 native plugins for Editor in 0.00 ms.
Unloading 2360 Unused Serialized files (Serialized files now loaded: 0)
System memory in use before: 117.6 MB.
System memory in use after: 115.6 MB.

Unloading 40 unused Assets to reduce memory usage. Loaded Objects now: 2965.
Total: 5.841100 ms (FindLiveObjects: 0.349900 ms CreateObjectMapping: 0.180800 ms MarkObjects: 3.381200 ms  DeleteObjects: 1.926200 ms)

========================================================================
Received Prepare
Registering precompiled user dll's ...
Registered in 0.044895 seconds.
Begin MonoManager ReloadAssembly
Native extension for WindowsStandalone target not found
Refreshing native plugins compatible for Editor in 0.51 ms, found 0 plugins.
Preloading 0 native plugins for Editor in 0.00 ms.
Invoked RoslynAnalysisRunner static constructor.
RoslynAnalysisRunner will not be running.
RoslynAnalysisRunner has terminated.
Mono: successfully reloaded assembly
- Completed reload, in  2.828 seconds
Platform modules already initialized, skipping
Shader 'Universal Render Pipeline/Particles/Lit': fallback shader 'Universal Render Pipeline/Particles/SimpleLit' not found
Shader 'Universal Render Pipeline/Particles/Lit': fallback shader 'Universal Render Pipeline/Particles/SimpleLit' not found
Refreshing native plugins compatible for Editor in 0.92 ms, found 0 plugins.
Preloading 0 native plugins for Editor in 0.00 ms.
Unloading 2360 Unused Serialized files (Serialized files now loaded: 0)
System memory in use before: 117.6 MB.
System memory in use after: 115.5 MB.

Unloading 40 unused Assets to reduce memory usage. Loaded Objects now: 2967.
Total: 46.004500 ms (FindLiveObjects: 0.780100 ms CreateObjectMapping: 0.164900 ms MarkObjects: 31.967900 ms  DeleteObjects: 13.089900 ms)

========================================================================
Received Import Request.
  Time since last request: 787.180905 seconds.
  path: Assets/Presets/AudioCompressedInMemory.preset
  artifactKey: Guid(2dd802e4d37c65149922028d3e973832) Importer(815301076,1909f56bfc062723c751e8b465ee728b)
Start importing Assets/Presets/AudioCompressedInMemory.preset using Guid(2dd802e4d37c65149922028d3e973832) Importer(815301076,1909f56bfc062723c751e8b465ee728b)  -> (artifact id: '3954cc6f63e1531f9b28df449cc14a15') in 0.197512 seconds
  Import took 0.262837 seconds .

========================================================================
Received Import Request.
  Time since last request: 0.000423 seconds.
  path: Assets/Presets/AudioStreaming.preset
  artifactKey: Guid(86bcce7f5575b54408aa0f3a7d321039) Importer(815301076,1909f56bfc062723c751e8b465ee728b)
Start importing Assets/Presets/AudioStreaming.preset using Guid(86bcce7f5575b54408aa0f3a7d321039) Importer(815301076,1909f56bfc062723c751e8b465ee728b)  -> (artifact id: '34b69dc202892b483fb3acf4e409047d') in 0.071850 seconds
  Import took 0.124806 seconds .

========================================================================
Received Import Request.
  Time since last request: 0.000351 seconds.
  path: Assets/Presets/NormalTexture.preset
  artifactKey: Guid(14a57cf3b9fa1c74b884aa7e0dcf1faa) Importer(815301076,1909f56bfc062723c751e8b465ee728b)
Start importing Assets/Presets/NormalTexture.preset using Guid(14a57cf3b9fa1c74b884aa7e0dcf1faa) Importer(815301076,1909f56bfc062723c751e8b465ee728b)  -> (artifact id: 'cb2d0667f503c7ca32a114c57c7500fc') in 0.116996 seconds
  Import took 0.158648 seconds .

========================================================================
Received Import Request.
  Time since last request: 0.000360 seconds.
  path: Assets/Presets/UtilityTexture.preset
  artifactKey: Guid(45f7b2e3c78185248b3adbb14429c2ab) Importer(815301076,1909f56bfc062723c751e8b465ee728b)
Start importing Assets/Presets/UtilityTexture.preset using Guid(45f7b2e3c78185248b3adbb14429c2ab) Importer(815301076,1909f56bfc062723c751e8b465ee728b)  -> (artifact id: '0f48291c0132b3e3dd92b3ef10dd4113') in 0.045601 seconds
  Import took 0.071823 seconds .

========================================================================
Received Prepare
Registering precompiled user dll's ...
Registered in 0.001306 seconds.
Begin MonoManager ReloadAssembly
Native extension for WindowsStandalone target not found
Refreshing native plugins compatible for Editor in 0.66 ms, found 0 plugins.
Preloading 0 native plugins for Editor in 0.00 ms.
Invoked RoslynAnalysisRunner static constructor.
RoslynAnalysisRunner will not be running.
RoslynAnalysisRunner has terminated.
Mono: successfully reloaded assembly
- Completed reload, in  1.259 seconds
Platform modules already initialized, skipping
Shader 'Universal Render Pipeline/Particles/Lit': fallback shader 'Universal Render Pipeline/Particles/SimpleLit' not found
Shader 'Universal Render Pipeline/Particles/Lit': fallback shader 'Universal Render Pipeline/Particles/SimpleLit' not found
Refreshing native plugins compatible for Editor in 0.63 ms, found 0 plugins.
Preloading 0 native plugins for Editor in 0.00 ms.
Unloading 2360 Unused Serialized files (Serialized files now loaded: 0)
System memory in use before: 117.5 MB.
System memory in use after: 115.4 MB.

Unloading 40 unused Assets to reduce memory usage. Loaded Objects now: 2969.
Total: 6.361600 ms (FindLiveObjects: 0.389600 ms CreateObjectMapping: 0.367300 ms MarkObjects: 2.838200 ms  DeleteObjects: 2.764400 ms)

========================================================================
Received Prepare
Registering precompiled user dll's ...
Registered in 0.001356 seconds.
Begin MonoManager ReloadAssembly
Native extension for WindowsStandalone target not found
Refreshing native plugins compatible for Editor in 0.50 ms, found 0 plugins.
Preloading 0 native plugins for Editor in 0.00 ms.
Invoked RoslynAnalysisRunner static constructor.
RoslynAnalysisRunner will not be running.
RoslynAnalysisRunner has terminated.
Mono: successfully reloaded assembly
- Completed reload, in  0.903 seconds
Platform modules already initialized, skipping
Shader 'Universal Render Pipeline/Particles/Lit': fallback shader 'Universal Render Pipeline/Particles/SimpleLit' not found
Shader 'Universal Render Pipeline/Particles/Lit': fallback shader 'Universal Render Pipeline/Particles/SimpleLit' not found
Refreshing native plugins compatible for Editor in 0.48 ms, found 0 plugins.
Preloading 0 native plugins for Editor in 0.00 ms.
Unloading 2360 Unused Serialized files (Serialized files now loaded: 0)
System memory in use before: 117.7 MB.
System memory in use after: 115.6 MB.

Unloading 40 unused Assets to reduce memory usage. Loaded Objects now: 2971.
Total: 4.128700 ms (FindLiveObjects: 0.373300 ms CreateObjectMapping: 0.170500 ms MarkObjects: 2.035700 ms  DeleteObjects: 1.547900 ms)

========================================================================
Received Import Request.
  Time since last request: 88.013445 seconds.
  path: Assets/Scenes/LVL2.unity
  artifactKey: Guid(d1c3109bdb54ad54c8a2b2838528e640) Importer(815301076,1909f56bfc062723c751e8b465ee728b)
Start importing Assets/Scenes/LVL2.unity using Guid(d1c3109bdb54ad54c8a2b2838528e640) Importer(815301076,1909f56bfc062723c751e8b465ee728b)  -> (artifact id: '7c3432fe6b4919779e5edc6d464677d9') in 0.128215 seconds
  Import took 0.234236 seconds .

========================================================================
Received Import Request.
  Time since last request: 7.834339 seconds.
  path: Assets/Scenes/LVL1.unity
  artifactKey: Guid(c3cf2b6c54d9ba64899c78d8beb38ece) Importer(815301076,1909f56bfc062723c751e8b465ee728b)
Start importing Assets/Scenes/LVL1.unity using Guid(c3cf2b6c54d9ba64899c78d8beb38ece) Importer(815301076,1909f56bfc062723c751e8b465ee728b)  -> (artifact id: '9659722e4d2a8ad9cd52150e8e02d2b4') in 0.043952 seconds
  Import took 0.132369 seconds .

========================================================================
Received Import Request.
  Time since last request: 63.990539 seconds.
  path: Assets/Scenes/LVL3.unity
  artifactKey: Guid(000284ee154469644a9d635aed7c9bcc) Importer(815301076,1909f56bfc062723c751e8b465ee728b)
Start importing Assets/Scenes/LVL3.unity using Guid(000284ee154469644a9d635aed7c9bcc) Importer(815301076,1909f56bfc062723c751e8b465ee728b)  -> (artifact id: '959691631e4926c5d6c0af1d52ae4d37') in 0.004081 seconds
  Import took 0.049991 seconds .

========================================================================
Received Import Request.
  Time since last request: 50.616570 seconds.
  path: Assets/Scenes/LVL3.unity
  artifactKey: Guid(000284ee154469644a9d635aed7c9bcc) Importer(815301076,1909f56bfc062723c751e8b465ee728b)
Start importing Assets/Scenes/LVL3.unity using Guid(000284ee154469644a9d635aed7c9bcc) Importer(815301076,1909f56bfc062723c751e8b465ee728b)  -> (artifact id: '1f7ebbac3ecdb2a3449ffe04f7352243') in 0.002656 seconds
  Import took 0.044028 seconds .

========================================================================
Received Import Request.
  Time since last request: 34.125059 seconds.
  path: Assets/Scenes/LVL5.unity
  artifactKey: Guid(fa21bfcae88b3f042899e47477d9bda6) Importer(815301076,1909f56bfc062723c751e8b465ee728b)
Start importing Assets/Scenes/LVL5.unity using Guid(fa21bfcae88b3f042899e47477d9bda6) Importer(815301076,1909f56bfc062723c751e8b465ee728b)  -> (artifact id: 'd506ac0e627ee7918377c49e612f387f') in 0.002903 seconds
  Import took 0.156260 seconds .

========================================================================
Received Import Request.
  Time since last request: 47.048104 seconds.
  path: Assets/Scenes/Menu.unity
  artifactKey: Guid(0e7561d906342bd40b0e3284d2f82fef) Importer(815301076,1909f56bfc062723c751e8b465ee728b)
Start importing Assets/Scenes/Menu.unity using Guid(0e7561d906342bd40b0e3284d2f82fef) Importer(815301076,1909f56bfc062723c751e8b465ee728b)  -> (artifact id: '1aa06bc05787e238ae6a0f4482fcf93f') in 0.039109 seconds
  Import took 0.095122 seconds .

========================================================================
Received Import Request.
  Time since last request: 136.685145 seconds.
  path: Assets/Yellow-wallpaper-jigsaw-puzzle-pattern-1.jpg
  artifactKey: Guid(cf6036129d4e9a24595334c46374e8a0) Importer(815301076,1909f56bfc062723c751e8b465ee728b)
Start importing Assets/Yellow-wallpaper-jigsaw-puzzle-pattern-1.jpg using Guid(cf6036129d4e9a24595334c46374e8a0) Importer(815301076,1909f56bfc062723c751e8b465ee728b)  -> (artifact id: '0a5963c777c0dd0e9a40aa5da02f202d') in 1.082008 seconds
  Import took 1.199431 seconds .

========================================================================
Received Import Request.
  Time since last request: 192.699467 seconds.
  path: Assets/Yellow-wallpaper-jigsaw-puzzle-pattern-1.jpg
  artifactKey: Guid(cf6036129d4e9a24595334c46374e8a0) Importer(815301076,1909f56bfc062723c751e8b465ee728b)
Start importing Assets/Yellow-wallpaper-jigsaw-puzzle-pattern-1.jpg using Guid(cf6036129d4e9a24595334c46374e8a0) Importer(815301076,1909f56bfc062723c751e8b465ee728b)  -> (artifact id: 'bcc4eee3c70035bed5364440dfc1b66e') in 0.551807 seconds
  Import took 0.660840 seconds .

========================================================================
Received Import Request.
  Time since last request: 42.332589 seconds.
  path: Assets/ExampleAssets/Models/Workbench.fbx
  artifactKey: Guid(efe9381559c516743bd05cef82f39ebb) Importer(815301076,1909f56bfc062723c751e8b465ee728b)
Start importing Assets/ExampleAssets/Models/Workbench.fbx using Guid(efe9381559c516743bd05cef82f39ebb) Importer(815301076,1909f56bfc062723c751e8b465ee728b)  -> (artifact id: 'b96c9038cbe1f3f318ae74af40cb27bf') in 4.939997 seconds
  Import took 5.036324 seconds .

========================================================================
Received Import Request.
  Time since last request: 0.000221 seconds.
  path: Assets/TextMesh Pro/Examples & Extras/Resources/Fonts & Materials/Anton SDF.asset
  artifactKey: Guid(8a89fa14b10d46a99122fd4f73fca9a2) Importer(815301076,1909f56bfc062723c751e8b465ee728b)
Start importing Assets/TextMesh Pro/Examples & Extras/Resources/Fonts & Materials/Anton SDF.asset using Guid(8a89fa14b10d46a99122fd4f73fca9a2) Importer(815301076,1909f56bfc062723c751e8b465ee728b)  -> (artifact id: '8fe6b9e3d1aad062f18c45614fb57346') in 0.577770 seconds
  Import took 0.679196 seconds .

========================================================================
Received Import Request.
  Time since last request: 0.000329 seconds.
  path: Assets/ExampleAssets/Materials/ConstructionLight_Mat.mat
  artifactKey: Guid(49076442eeb7e054b8e8869f8b40656d) Importer(815301076,1909f56bfc062723c751e8b465ee728b)
Start importing Assets/ExampleAssets/Materials/ConstructionLight_Mat.mat using Guid(49076442eeb7e054b8e8869f8b40656d) Importer(815301076,1909f56bfc062723c751e8b465ee728b)  -> (artifact id: 'c778e63ebe4907d885cc373508b0a9df') in 1.186962 seconds
  Import took 1.292576 seconds .

========================================================================
Received Import Request.
  Time since last request: 0.000457 seconds.
  path: Assets/TextMesh Pro/Examples & Extras/Materials/Crate - Surface Shader Scene.mat
  artifactKey: Guid(e6b9b44320f4448d9d5e0ee634259966) Importer(815301076,1909f56bfc062723c751e8b465ee728b)
Start importing Assets/TextMesh Pro/Examples & Extras/Materials/Crate - Surface Shader Scene.mat using Guid(e6b9b44320f4448d9d5e0ee634259966) Importer(815301076,1909f56bfc062723c751e8b465ee728b)  -> (artifact id: '6e5e7c2ee707a4f9ff791c436d28ff47') in 0.361479 seconds
  Import took 0.427116 seconds .

========================================================================
Received Import Request.
  Time since last request: 0.000374 seconds.
  path: Assets/ExampleAssets/Models/ConstructionLight_Low.fbx
  artifactKey: Guid(e3ae06a3979f53046aa05330d69de1fa) Importer(815301076,1909f56bfc062723c751e8b465ee728b)
Start importing Assets/ExampleAssets/Models/ConstructionLight_Low.fbx using Guid(e3ae06a3979f53046aa05330d69de1fa) Importer(815301076,1909f56bfc062723c751e8b465ee728b)  -> (artifact id: 'f272e1f203af8377487921edf48a9ff7') in 0.148662 seconds
  Import took 0.186784 seconds .

========================================================================
Received Import Request.
  Time since last request: 0.000251 seconds.
  path: Assets/ExampleAssets/Materials/DryWall_Mat.mat
  artifactKey: Guid(a68228c24abfa2f4b8954d7b0148f799) Importer(815301076,1909f56bfc062723c751e8b465ee728b)
Start importing Assets/ExampleAssets/Materials/DryWall_Mat.mat using Guid(a68228c24abfa2f4b8954d7b0148f799) Importer(815301076,1909f56bfc062723c751e8b465ee728b)  -> (artifact id: 'df76cdfe1baa1577127c6d1851de1063') in 0.634558 seconds
  Import took 0.657260 seconds .

========================================================================
Received Import Request.
  Time since last request: 0.000368 seconds.
  path: Assets/ExampleAssets/Models/safetygoggles_low.fbx
  artifactKey: Guid(6296e48663fd7ad46b1a2af507f871cf) Importer(815301076,1909f56bfc062723c751e8b465ee728b)
Start importing Assets/ExampleAssets/Models/safetygoggles_low.fbx using Guid(6296e48663fd7ad46b1a2af507f871cf) Importer(815301076,1909f56bfc062723c751e8b465ee728b)  -> (artifact id: '79110dac32ae8e077f239caedc0334c1') in 0.464868 seconds
  Import took 0.648950 seconds .

========================================================================
Received Import Request.
  Time since last request: 0.000283 seconds.
  path: Assets/ExampleAssets/Models/Workshop_Set.fbx
  artifactKey: Guid(47616bd0cda748d4cbedcfc908506b9d) Importer(815301076,1909f56bfc062723c751e8b465ee728b)
Start importing Assets/ExampleAssets/Models/Workshop_Set.fbx using Guid(47616bd0cda748d4cbedcfc908506b9d) Importer(815301076,1909f56bfc062723c751e8b465ee728b)  -> (artifact id: '94bee1ebec88d1fd967f7a367ce62a23') in 0.169357 seconds
  Import took 0.265404 seconds .

========================================================================
Received Import Request.
  Time since last request: 0.000212 seconds.
  path: Assets/ExampleAssets/Materials/DryWallPainted_Mat.mat
  artifactKey: Guid(9b8eadc4de0544646b75ddcc43f8fd06) Importer(815301076,1909f56bfc062723c751e8b465ee728b)
Start importing Assets/ExampleAssets/Materials/DryWallPainted_Mat.mat using Guid(9b8eadc4de0544646b75ddcc43f8fd06) Importer(815301076,1909f56bfc062723c751e8b465ee728b)  -> (artifact id: '5c0f720fa9372051cb2dbf4cfcdbad6e') in 0.159418 seconds
  Import took 0.207527 seconds .

========================================================================
Received Import Request.
  Time since last request: 0.000314 seconds.
  path: Assets/ExampleAssets/Models/Workbench_Low.fbx
  artifactKey: Guid(ff6dc36862fe41641bb21568d92147c9) Importer(815301076,1909f56bfc062723c751e8b465ee728b)
Start importing Assets/ExampleAssets/Models/Workbench_Low.fbx using Guid(ff6dc36862fe41641bb21568d92147c9) Importer(815301076,1909f56bfc062723c751e8b465ee728b)  -> (artifact id: 'a91062c05bc920b62d7b5e7eb7a0b3a0') in 0.163349 seconds
  Import took 0.186335 seconds .

========================================================================
Received Import Request.
  Time since last request: 0.237797 seconds.
  path: Assets/TextMesh Pro/Fonts/LiberationSans.ttf
  artifactKey: Guid(e3265ab4bf004d28a9537516768c1c75) Importer(815301076,1909f56bfc062723c751e8b465ee728b)
Start importing Assets/TextMesh Pro/Fonts/LiberationSans.ttf using Guid(e3265ab4bf004d28a9537516768c1c75) Importer(815301076,1909f56bfc062723c751e8b465ee728b)  -> (artifact id: 'f112231146eed91bb19cd28a2d4befb0') in 0.233916 seconds
  Import took 0.325570 seconds .

========================================================================
Received Import Request.
  Time since last request: 0.000332 seconds.
  path: Assets/TextMesh Pro/Examples & Extras/Fonts/Oswald-Bold.ttf
  artifactKey: Guid(c9f6d0e7bc8541498c9a4799ba184ede) Importer(815301076,1909f56bfc062723c751e8b465ee728b)
Start importing Assets/TextMesh Pro/Examples & Extras/Fonts/Oswald-Bold.ttf using Guid(c9f6d0e7bc8541498c9a4799ba184ede) Importer(815301076,1909f56bfc062723c751e8b465ee728b)  -> (artifact id: '1772232bff6ad3a2d71c56abfdc51220') in 0.463880 seconds
  Import took 0.555342 seconds .

========================================================================
Received Import Request.
  Time since last request: 0.000390 seconds.
  path: Assets/TextMesh Pro/Examples & Extras/Fonts/Roboto-Bold.ttf
  artifactKey: Guid(4beb055f07aaff244873dec698d0363e) Importer(815301076,1909f56bfc062723c751e8b465ee728b)
Start importing Assets/TextMesh Pro/Examples & Extras/Fonts/Roboto-Bold.ttf using Guid(4beb055f07aaff244873dec698d0363e) Importer(815301076,1909f56bfc062723c751e8b465ee728b)  -> (artifact id: '7991b9c30a52511cd8eea1132fb7b736') in 0.095478 seconds
  Import took 0.101851 seconds .

========================================================================
Received Import Request.
  Time since last request: 0.000418 seconds.
  path: Assets/TextMesh Pro/Examples & Extras/Fonts/Electronic Highway Sign.TTF
  artifactKey: Guid(8a2b9e2a607dd2143b58c44bc32410b4) Importer(815301076,1909f56bfc062723c751e8b465ee728b)
Start importing Assets/TextMesh Pro/Examples & Extras/Fonts/Electronic Highway Sign.TTF using Guid(8a2b9e2a607dd2143b58c44bc32410b4) Importer(815301076,1909f56bfc062723c751e8b465ee728b)  -> (artifact id: '53c763a98302e84c0f6186f57b199098') in 0.046434 seconds
  Import took 0.086823 seconds .

========================================================================
Received Import Request.
  Time since last request: 0.000403 seconds.
  path: Assets/TextMesh Pro/Examples & Extras/Materials/Ground - Surface Shader Scene.mat
  artifactKey: Guid(aadd5a709a48466c887296bb5b1b8110) Importer(815301076,1909f56bfc062723c751e8b465ee728b)
Start importing Assets/TextMesh Pro/Examples & Extras/Materials/Ground - Surface Shader Scene.mat using Guid(aadd5a709a48466c887296bb5b1b8110) Importer(815301076,1909f56bfc062723c751e8b465ee728b)  -> (artifact id: 'ae76b446b1ce1db243cea8d695efb421') in 0.109365 seconds
  Import took 0.169501 seconds .

========================================================================
Received Import Request.
  Time since last request: 0.000265 seconds.
  path: Assets/TextMesh Pro/Examples & Extras/Fonts/Bangers.ttf
  artifactKey: Guid(5dd49b3eacc540408c98eee0de38e0f1) Importer(815301076,1909f56bfc062723c751e8b465ee728b)
Start importing Assets/TextMesh Pro/Examples & Extras/Fonts/Bangers.ttf using Guid(5dd49b3eacc540408c98eee0de38e0f1) Importer(815301076,1909f56bfc062723c751e8b465ee728b)  -> (artifact id: '336f81248403bf266a9af05bbba1170d') in 0.039953 seconds
  Import took 0.104847 seconds .

========================================================================
Received Import Request.
  Time since last request: 0.000231 seconds.
  path: Assets/TextMesh Pro/Examples & Extras/Materials/Ground - Logo Scene.mat
  artifactKey: Guid(c719e38f25a9480abd2480ab621a2949) Importer(815301076,1909f56bfc062723c751e8b465ee728b)
Start importing Assets/TextMesh Pro/Examples & Extras/Materials/Ground - Logo Scene.mat using Guid(c719e38f25a9480abd2480ab621a2949) Importer(815301076,1909f56bfc062723c751e8b465ee728b)  -> (artifact id: 'a10df12887e434f7de265ae5a120aa54') in 0.043702 seconds
  Import took 0.123423 seconds .

========================================================================
Received Import Request.
  Time since last request: 0.000334 seconds.
  path: Assets/ExampleAssets/Materials/Ground_Mat.mat
  artifactKey: Guid(d92ef32394b5f474385d74b565a7bdd7) Importer(815301076,1909f56bfc062723c751e8b465ee728b)
Start importing Assets/ExampleAssets/Materials/Ground_Mat.mat using Guid(d92ef32394b5f474385d74b565a7bdd7) Importer(815301076,1909f56bfc062723c751e8b465ee728b)  -> (artifact id: '51b8cdd613c3622db9a40b8e237fd9c0') in 0.623607 seconds
  Import took 0.713899 seconds .

========================================================================
Received Import Request.
  Time since last request: 0.000299 seconds.
  path: Assets/ExampleAssets/Models/hammer_low.fbx
  artifactKey: Guid(68a66fb5a71f8204a8dcb613c97d1fa8) Importer(815301076,1909f56bfc062723c751e8b465ee728b)
Start importing Assets/ExampleAssets/Models/hammer_low.fbx using Guid(68a66fb5a71f8204a8dcb613c97d1fa8) Importer(815301076,1909f56bfc062723c751e8b465ee728b)  -> (artifact id: '06b9a6d5c552ccc25acf0f02555a504c') in 0.119586 seconds
  Import took 0.123801 seconds .

========================================================================
Received Import Request.
  Time since last request: 0.000396 seconds.
  path: Assets/ExampleAssets/Models/jigsaw_low.fbx
  artifactKey: Guid(8b73e8872ca76104bbca4ee2b704a1b4) Importer(815301076,1909f56bfc062723c751e8b465ee728b)
Start importing Assets/ExampleAssets/Models/jigsaw_low.fbx using Guid(8b73e8872ca76104bbca4ee2b704a1b4) Importer(815301076,1909f56bfc062723c751e8b465ee728b)  -> (artifact id: 'eb45e532a7783260858e54e67489b4c0') in 0.083813 seconds
  Import took 0.215202 seconds .

========================================================================
Received Import Request.
  Time since last request: 0.000340 seconds.
  path: Assets/ExampleAssets/Materials/Jigsaw_Mat.mat
  artifactKey: Guid(801db2d997a562b4ea333aa4593ce0f0) Importer(815301076,1909f56bfc062723c751e8b465ee728b)
Start importing Assets/ExampleAssets/Materials/Jigsaw_Mat.mat using Guid(801db2d997a562b4ea333aa4593ce0f0) Importer(815301076,1909f56bfc062723c751e8b465ee728b)  -> (artifact id: '150ee3e111bcea0aab046e080815c69a') in 0.137408 seconds
  Import took 0.241286 seconds .

========================================================================
Received Import Request.
  Time since last request: 0.000345 seconds.
  path: Assets/ExampleAssets/Materials/Hammer_Mat.mat
  artifactKey: Guid(4efcffd7ae23f1e41943fd914b18da10) Importer(815301076,1909f56bfc062723c751e8b465ee728b)
Start importing Assets/ExampleAssets/Materials/Hammer_Mat.mat using Guid(4efcffd7ae23f1e41943fd914b18da10) Importer(815301076,1909f56bfc062723c751e8b465ee728b)  -> (artifact id: 'c81b21a40febde101cd6fd3ebbcd5e83') in 0.131942 seconds
  Import took 0.196508 seconds .

========================================================================
Received Import Request.
  Time since last request: 0.001789 seconds.
  path: Assets/ExampleAssets/Materials/HardHat_Mat.mat
  artifactKey: Guid(e93789f0a5d66df4a81613935579642b) Importer(815301076,1909f56bfc062723c751e8b465ee728b)
Start importing Assets/ExampleAssets/Materials/HardHat_Mat.mat using Guid(e93789f0a5d66df4a81613935579642b) Importer(815301076,1909f56bfc062723c751e8b465ee728b)  -> (artifact id: '05f78f10d92eb4471c960c6c3a7073e4') in 0.415004 seconds
  Import took 0.460332 seconds .

========================================================================
Received Import Request.
  Time since last request: 0.000474 seconds.
  path: Assets/TextMesh Pro/Examples & Extras/Fonts/Anton.ttf
  artifactKey: Guid(997a43b767814dd0a7642ec9b78cba41) Importer(815301076,1909f56bfc062723c751e8b465ee728b)
Start importing Assets/TextMesh Pro/Examples & Extras/Fonts/Anton.ttf using Guid(997a43b767814dd0a7642ec9b78cba41) Importer(815301076,1909f56bfc062723c751e8b465ee728b)  -> (artifact id: '9ef9baa9f022ac43c0b272ac5ae802c1') in 0.037603 seconds
  Import took 0.154604 seconds .

========================================================================
Received Import Request.
  Time since last request: 0.000312 seconds.
  path: Assets/ExampleAssets/Models/small_plane.fbx
  artifactKey: Guid(aeaee610429f51f44981e141eb2a3545) Importer(815301076,1909f56bfc062723c751e8b465ee728b)
Start importing Assets/ExampleAssets/Models/small_plane.fbx using Guid(aeaee610429f51f44981e141eb2a3545) Importer(815301076,1909f56bfc062723c751e8b465ee728b)  -> (artifact id: '8754e5601a6160b7e28da40d92764147') in 0.115690 seconds
  Import took 0.184784 seconds .

========================================================================
Received Import Request.
  Time since last request: 69.116294 seconds.
  path: Assets/Scenes/LVL2.unity
  artifactKey: Guid(d1c3109bdb54ad54c8a2b2838528e640) Importer(815301076,1909f56bfc062723c751e8b465ee728b)
Start importing Assets/Scenes/LVL2.unity using Guid(d1c3109bdb54ad54c8a2b2838528e640) Importer(815301076,1909f56bfc062723c751e8b465ee728b)  -> (artifact id: '0099c9b50828b4d6d53e470fce3f14e3') in 0.008216 seconds
  Import took 0.033071 seconds .

========================================================================
Received Prepare
Registering precompiled user dll's ...
Registered in 0.003110 seconds.
Begin MonoManager ReloadAssembly
Native extension for WindowsStandalone target not found
Refreshing native plugins compatible for Editor in 0.62 ms, found 0 plugins.
Preloading 0 native plugins for Editor in 0.00 ms.
Invoked RoslynAnalysisRunner static constructor.
RoslynAnalysisRunner will not be running.
RoslynAnalysisRunner has terminated.
Mono: successfully reloaded assembly
- Completed reload, in  1.474 seconds
Platform modules already initialized, skipping
Shader 'Universal Render Pipeline/Particles/Lit': fallback shader 'Universal Render Pipeline/Particles/SimpleLit' not found
Shader 'Universal Render Pipeline/Particles/Lit': fallback shader 'Universal Render Pipeline/Particles/SimpleLit' not found
Refreshing native plugins compatible for Editor in 0.48 ms, found 0 plugins.
Preloading 0 native plugins for Editor in 0.00 ms.
Unloading 2360 Unused Serialized files (Serialized files now loaded: 0)
System memory in use before: 118.8 MB.
System memory in use after: 116.7 MB.

Unloading 40 unused Assets to reduce memory usage. Loaded Objects now: 3021.
Total: 5.377200 ms (FindLiveObjects: 0.370600 ms CreateObjectMapping: 0.135400 ms MarkObjects: 3.322400 ms  DeleteObjects: 1.547500 ms)

========================================================================
Received Import Request.
  Time since last request: 343.298883 seconds.
  path: Assets/Scenes/LVL2.unity
  artifactKey: Guid(d1c3109bdb54ad54c8a2b2838528e640) Importer(815301076,1909f56bfc062723c751e8b465ee728b)
Start importing Assets/Scenes/LVL2.unity using Guid(d1c3109bdb54ad54c8a2b2838528e640) Importer(815301076,1909f56bfc062723c751e8b465ee728b)  -> (artifact id: '03bd60e92b8ab615fbaf033b7bf12383') in 0.204812 seconds
  Import took 0.328566 seconds .

========================================================================
Received Prepare
Registering precompiled user dll's ...
Registered in 0.001419 seconds.
Begin MonoManager ReloadAssembly
Native extension for WindowsStandalone target not found
Refreshing native plugins compatible for Editor in 0.59 ms, found 0 plugins.
Preloading 0 native plugins for Editor in 0.00 ms.
Invoked RoslynAnalysisRunner static constructor.
RoslynAnalysisRunner will not be running.
RoslynAnalysisRunner has terminated.
Mono: successfully reloaded assembly
- Completed reload, in  1.098 seconds
Platform modules already initialized, skipping
Shader 'Universal Render Pipeline/Particles/Lit': fallback shader 'Universal Render Pipeline/Particles/SimpleLit' not found
Shader 'Universal Render Pipeline/Particles/Lit': fallback shader 'Universal Render Pipeline/Particles/SimpleLit' not found
Refreshing native plugins compatible for Editor in 0.55 ms, found 0 plugins.
Preloading 0 native plugins for Editor in 0.00 ms.
Unloading 2360 Unused Serialized files (Serialized files now loaded: 0)
System memory in use before: 118.8 MB.
System memory in use after: 116.7 MB.

Unloading 40 unused Assets to reduce memory usage. Loaded Objects now: 3023.
Total: 5.171400 ms (FindLiveObjects: 0.370900 ms CreateObjectMapping: 0.134800 ms MarkObjects: 3.034400 ms  DeleteObjects: 1.629800 ms)

========================================================================
Received Import Request.
  Time since last request: 181.715868 seconds.
  path: Assets/Scenes/LVL4.unity
  artifactKey: Guid(cca50322d5421e340a884255ec2f4674) Importer(815301076,1909f56bfc062723c751e8b465ee728b)
Start importing Assets/Scenes/LVL4.unity using Guid(cca50322d5421e340a884255ec2f4674) Importer(815301076,1909f56bfc062723c751e8b465ee728b)  -> (artifact id: '66132537dd28b08b0abda3b73db2a216') in 0.013865 seconds
  Import took 0.118766 seconds .

========================================================================
Received Import Request.
  Time since last request: 48.341686 seconds.
  path: Assets/Scenes/LVL5.unity
  artifactKey: Guid(fa21bfcae88b3f042899e47477d9bda6) Importer(815301076,1909f56bfc062723c751e8b465ee728b)
Start importing Assets/Scenes/LVL5.unity using Guid(fa21bfcae88b3f042899e47477d9bda6) Importer(815301076,1909f56bfc062723c751e8b465ee728b)  -> (artifact id: '07d316463c56feec077994fec7aacea7') in 0.002651 seconds
  Import took 0.067325 seconds .

========================================================================
Received Import Request.
  Time since last request: 20.455811 seconds.
  path: Assets/Scenes/LVL2.unity
  artifactKey: Guid(d1c3109bdb54ad54c8a2b2838528e640) Importer(815301076,1909f56bfc062723c751e8b465ee728b)
Start importing Assets/Scenes/LVL2.unity using Guid(d1c3109bdb54ad54c8a2b2838528e640) Importer(815301076,1909f56bfc062723c751e8b465ee728b)  -> (artifact id: 'ea72ba23cc56cf5f9c3d8ccca54e6ec5') in 0.002533 seconds
  Import took 0.007799 seconds .

========================================================================
Received Import Request.
  Time since last request: 5.958368 seconds.
  path: Assets/Scenes/LVL3.unity
  artifactKey: Guid(000284ee154469644a9d635aed7c9bcc) Importer(815301076,1909f56bfc062723c751e8b465ee728b)
Start importing Assets/Scenes/LVL3.unity using Guid(000284ee154469644a9d635aed7c9bcc) Importer(815301076,1909f56bfc062723c751e8b465ee728b)  -> (artifact id: 'fb87754bde9378ebab49cbc9b1098e6c') in 0.002565 seconds
  Import took 0.026955 seconds .

========================================================================
Received Import Request.
  Time since last request: 3.071959 seconds.
  path: Assets/Scenes/LVL4.unity
  artifactKey: Guid(cca50322d5421e340a884255ec2f4674) Importer(815301076,1909f56bfc062723c751e8b465ee728b)
Start importing Assets/Scenes/LVL4.unity using Guid(cca50322d5421e340a884255ec2f4674) Importer(815301076,1909f56bfc062723c751e8b465ee728b)  -> (artifact id: '44fdcdc9a2a51972a048332407a46194') in 0.002364 seconds
  Import took 0.011123 seconds .

========================================================================
Received Prepare
Registering precompiled user dll's ...
Registered in 0.001379 seconds.
Begin MonoManager ReloadAssembly
Native extension for WindowsStandalone target not found
Refreshing native plugins compatible for Editor in 0.46 ms, found 0 plugins.
Preloading 0 native plugins for Editor in 0.00 ms.
Invoked RoslynAnalysisRunner static constructor.
RoslynAnalysisRunner will not be running.
RoslynAnalysisRunner has terminated.
Mono: successfully reloaded assembly
- Completed reload, in  1.005 seconds
Platform modules already initialized, skipping
Shader 'Universal Render Pipeline/Particles/Lit': fallback shader 'Universal Render Pipeline/Particles/SimpleLit' not found
Shader 'Universal Render Pipeline/Particles/Lit': fallback shader 'Universal Render Pipeline/Particles/SimpleLit' not found
Refreshing native plugins compatible for Editor in 0.57 ms, found 0 plugins.
Preloading 0 native plugins for Editor in 0.00 ms.
Unloading 2360 Unused Serialized files (Serialized files now loaded: 0)
System memory in use before: 118.7 MB.
System memory in use after: 116.7 MB.

Unloading 40 unused Assets to reduce memory usage. Loaded Objects now: 3025.
Total: 4.307900 ms (FindLiveObjects: 0.318000 ms CreateObjectMapping: 0.137500 ms MarkObjects: 2.266700 ms  DeleteObjects: 1.584400 ms)

========================================================================
Received Prepare
Registering precompiled user dll's ...
Registered in 0.001308 seconds.
Begin MonoManager ReloadAssembly
Native extension for WindowsStandalone target not found
Refreshing native plugins compatible for Editor in 0.67 ms, found 0 plugins.
Preloading 0 native plugins for Editor in 0.00 ms.
Invoked RoslynAnalysisRunner static constructor.
RoslynAnalysisRunner will not be running.
RoslynAnalysisRunner has terminated.
Mono: successfully reloaded assembly
- Completed reload, in  0.924 seconds
Platform modules already initialized, skipping
Shader 'Universal Render Pipeline/Particles/Lit': fallback shader 'Universal Render Pipeline/Particles/SimpleLit' not found
Shader 'Universal Render Pipeline/Particles/Lit': fallback shader 'Universal Render Pipeline/Particles/SimpleLit' not found
Refreshing native plugins compatible for Editor in 0.46 ms, found 0 plugins.
Preloading 0 native plugins for Editor in 0.00 ms.
Unloading 2360 Unused Serialized files (Serialized files now loaded: 0)
System memory in use before: 118.8 MB.
System memory in use after: 116.8 MB.

Unloading 40 unused Assets to reduce memory usage. Loaded Objects now: 3027.
Total: 5.354000 ms (FindLiveObjects: 0.413100 ms CreateObjectMapping: 0.178700 ms MarkObjects: 2.962700 ms  DeleteObjects: 1.797700 ms)

========================================================================
Received Import Request.
  Time since last request: 245.023566 seconds.
  path: Assets/Scenes/LVL5.unity
  artifactKey: Guid(fa21bfcae88b3f042899e47477d9bda6) Importer(815301076,1909f56bfc062723c751e8b465ee728b)
Start importing Assets/Scenes/LVL5.unity using Guid(fa21bfcae88b3f042899e47477d9bda6) Importer(815301076,1909f56bfc062723c751e8b465ee728b)  -> (artifact id: '6b5f58ebec319317ee07efbfe6f894d2') in 0.017285 seconds
  Import took 0.112323 seconds .

========================================================================
Received Prepare
Registering precompiled user dll's ...
Registered in 0.002393 seconds.
Begin MonoManager ReloadAssembly
Native extension for WindowsStandalone target not found
Refreshing native plugins compatible for Editor in 0.55 ms, found 0 plugins.
Preloading 0 native plugins for Editor in 0.00 ms.
Invoked RoslynAnalysisRunner static constructor.
RoslynAnalysisRunner will not be running.
RoslynAnalysisRunner has terminated.
Mono: successfully reloaded assembly
- Completed reload, in  0.923 seconds
Platform modules already initialized, skipping
Shader 'Universal Render Pipeline/Particles/Lit': fallback shader 'Universal Render Pipeline/Particles/SimpleLit' not found
Shader 'Universal Render Pipeline/Particles/Lit': fallback shader 'Universal Render Pipeline/Particles/SimpleLit' not found
Refreshing native plugins compatible for Editor in 0.60 ms, found 0 plugins.
Preloading 0 native plugins for Editor in 0.00 ms.
Unloading 2360 Unused Serialized files (Serialized files now loaded: 0)
System memory in use before: 118.8 MB.
System memory in use after: 116.8 MB.

Unloading 40 unused Assets to reduce memory usage. Loaded Objects now: 3029.
Total: 5.650200 ms (FindLiveObjects: 0.686400 ms CreateObjectMapping: 0.202700 ms MarkObjects: 3.071100 ms  DeleteObjects: 1.687800 ms)

AssetImportWorkerClient::OnTransportError - code=2 error=End of file
